# JRE version: OpenJDK Runtime Environment Corretto-17.0.6.10.1 (17.0.6+10) (build 17.0.6+10-LTS)
# Java VM: OpenJDK 64-Bit Server VM Corretto-17.0.6.10.1 (17.0.6+10-LTS, mixed mode, sharing, tiered, compressed oops, compressed class ptrs, g1 gc, windows-amd64)
GC Precious Log:
 CPUs: 8 total, 8 available
 Memory: 16087M
 Large Page Support: Disabled
 NUMA Support: Disabled
 Compressed Oops: Enabled (Zero based)
 Heap Region Size: 2M
 Heap Min Capacity: 8M
 Heap Initial Capacity: 252M
 Heap Max Capacity: 4022M
 Pre-touch: Disabled
 Parallel Workers: 8
 Concurrent Workers: 2
 Concurrent Refinement Workers: 8
 Periodic GC: Disabled
Heap:
 garbage-first heap   total 102400K, used 34814K [0x0000000704a00000, 0x0000000800000000)
  region size 2048K, 7 young (14336K), 1 survivors (2048K)
 Metaspace       used 60163K, committed 60480K, reserved 1105920K
  class space    used 7671K, committed 7808K, reserved 1048576K
GC Heap History (20 events):
Event: 140.394 GC heap before
{Heap before GC invocations=38 (full 0):
 garbage-first heap   total 102400K, used 83619K [0x0000000704a00000, 0x0000000800000000)
  region size 2048K, 30 young (61440K), 1 survivors (2048K)
 Metaspace       used 60149K, committed 60480K, reserved 1105920K
  class space    used 7671K, committed 7808K, reserved 1048576K
}
Event: 140.395 GC heap after
{Heap after GC invocations=39 (full 0):
 garbage-first heap   total 102400K, used 26585K [0x0000000704a00000, 0x0000000800000000)
  region size 2048K, 1 young (2048K), 1 survivors (2048K)
 Metaspace       used 60149K, committed 60480K, reserved 1105920K
  class space    used 7671K, committed 7808K, reserved 1048576K
}
Event: 142.372 GC heap before
{Heap before GC invocations=39 (full 0):
 garbage-first heap   total 102400K, used 83929K [0x0000000704a00000, 0x0000000800000000)
  region size 2048K, 30 young (61440K), 1 survivors (2048K)
 Metaspace       used 60149K, committed 60480K, reserved 1105920K
  class space    used 7671K, committed 7808K, reserved 1048576K
}
Event: 142.373 GC heap after
{Heap after GC invocations=40 (full 0):
 garbage-first heap   total 102400K, used 26866K [0x0000000704a00000, 0x0000000800000000)
  region size 2048K, 1 young (2048K), 1 survivors (2048K)
 Metaspace       used 60149K, committed 60480K, reserved 1105920K
  class space    used 7671K, committed 7808K, reserved 1048576K
}
Event: 144.299 GC heap before
{Heap before GC invocations=40 (full 0):
 garbage-first heap   total 102400K, used 84210K [0x0000000704a00000, 0x0000000800000000)
  region size 2048K, 30 young (61440K), 1 survivors (2048K)
 Metaspace       used 60159K, committed 60480K, reserved 1105920K
  class space    used 7671K, committed 7808K, reserved 1048576K
}
Event: 144.301 GC heap after
{Heap after GC invocations=41 (full 0):
 garbage-first heap   total 102400K, used 26716K [0x0000000704a00000, 0x0000000800000000)
  region size 2048K, 1 young (2048K), 1 survivors (2048K)
 Metaspace       used 60159K, committed 60480K, reserved 1105920K
  class space    used 7671K, committed 7808K, reserved 1048576K
}
Event: 146.470 GC heap before
{Heap before GC invocations=41 (full 0):
 garbage-first heap   total 102400K, used 84060K [0x0000000704a00000, 0x0000000800000000)
  region size 2048K, 30 young (61440K), 1 survivors (2048K)
 Metaspace       used 60159K, committed 60480K, reserved 1105920K
  class space    used 7671K, committed 7808K, reserved 1048576K
}
Event: 146.472 GC heap after
{Heap after GC invocations=42 (full 0):
 garbage-first heap   total 102400K, used 26981K [0x0000000704a00000, 0x0000000800000000)
  region size 2048K, 1 young (2048K), 1 survivors (2048K)
 Metaspace       used 60159K, committed 60480K, reserved 1105920K
  class space    used 7671K, committed 7808K, reserved 1048576K
}
Event: 151.440 GC heap before
{Heap before GC invocations=42 (full 0):
 garbage-first heap   total 102400K, used 84325K [0x0000000704a00000, 0x0000000800000000)
  region size 2048K, 30 young (61440K), 1 survivors (2048K)
 Metaspace       used 60159K, committed 60480K, reserved 1105920K
  class space    used 7671K, committed 7808K, reserved 1048576K
}
Event: 151.442 GC heap after
{Heap after GC invocations=43 (full 0):
 garbage-first heap   total 102400K, used 26503K [0x0000000704a00000, 0x0000000800000000)
  region size 2048K, 1 young (2048K), 1 survivors (2048K)
 Metaspace       used 60159K, committed 60480K, reserved 1105920K
  class space    used 7671K, committed 7808K, reserved 1048576K
}
Event: 153.812 GC heap before
{Heap before GC invocations=43 (full 0):
 garbage-first heap   total 102400K, used 83847K [0x0000000704a00000, 0x0000000800000000)
  region size 2048K, 30 young (61440K), 1 survivors (2048K)
 Metaspace       used 60159K, committed 60480K, reserved 1105920K
  class space    used 7671K, committed 7808K, reserved 1048576K
}
Event: 153.814 GC heap after
{Heap after GC invocations=44 (full 0):
 garbage-first heap   total 102400K, used 26610K [0x0000000704a00000, 0x0000000800000000)
  region size 2048K, 1 young (2048K), 1 survivors (2048K)
 Metaspace       used 60159K, committed 60480K, reserved 1105920K
  class space    used 7671K, committed 7808K, reserved 1048576K
}
Event: 155.894 GC heap before
{Heap before GC invocations=44 (full 0):
 garbage-first heap   total 102400K, used 83954K [0x0000000704a00000, 0x0000000800000000)
  region size 2048K, 30 young (61440K), 1 survivors (2048K)
 Metaspace       used 60163K, committed 60480K, reserved 1105920K
  class space    used 7671K, committed 7808K, reserved 1048576K
}
Event: 155.896 GC heap after
{Heap after GC invocations=45 (full 0):
 garbage-first heap   total 102400K, used 26568K [0x0000000704a00000, 0x0000000800000000)
  region size 2048K, 1 young (2048K), 1 survivors (2048K)
 Metaspace       used 60163K, committed 60480K, reserved 1105920K
  class space    used 7671K, committed 7808K, reserved 1048576K
}
Event: 158.246 GC heap before
{Heap before GC invocations=45 (full 0):
 garbage-first heap   total 102400K, used 83912K [0x0000000704a00000, 0x0000000800000000)
  region size 2048K, 30 young (61440K), 1 survivors (2048K)
 Metaspace       used 60163K, committed 60480K, reserved 1105920K
  class space    used 7671K, committed 7808K, reserved 1048576K
}
Event: 158.248 GC heap after
{Heap after GC invocations=46 (full 0):
 garbage-first heap   total 102400K, used 26609K [0x0000000704a00000, 0x0000000800000000)
  region size 2048K, 1 young (2048K), 1 survivors (2048K)
 Metaspace       used 60163K, committed 60480K, reserved 1105920K
  class space    used 7671K, committed 7808K, reserved 1048576K
}
Event: 160.605 GC heap before
{Heap before GC invocations=46 (full 0):
 garbage-first heap   total 102400K, used 83953K [0x0000000704a00000, 0x0000000800000000)
  region size 2048K, 30 young (61440K), 1 survivors (2048K)
 Metaspace       used 60163K, committed 60480K, reserved 1105920K
  class space    used 7671K, committed 7808K, reserved 1048576K
}
Event: 160.607 GC heap after
{Heap after GC invocations=47 (full 0):
 garbage-first heap   total 102400K, used 26869K [0x0000000704a00000, 0x0000000800000000)
  region size 2048K, 1 young (2048K), 1 survivors (2048K)
 Metaspace       used 60163K, committed 60480K, reserved 1105920K
  class space    used 7671K, committed 7808K, reserved 1048576K
}
Event: 162.867 GC heap before
{Heap before GC invocations=47 (full 0):
 garbage-first heap   total 102400K, used 84213K [0x0000000704a00000, 0x0000000800000000)
  region size 2048K, 30 young (61440K), 1 survivors (2048K)
 Metaspace       used 60163K, committed 60480K, reserved 1105920K
  class space    used 7671K, committed 7808K, reserved 1048576K
}
Event: 162.869 GC heap after
{Heap after GC invocations=48 (full 0):
 garbage-first heap   total 102400K, used 26622K [0x0000000704a00000, 0x0000000800000000)
  region size 2048K, 1 young (2048K), 1 survivors (2048K)
 Metaspace       used 60163K, committed 60480K, reserved 1105920K
  class space    used 7671K, committed 7808K, reserved 1048576K
}

